\BOOKMARK [0][-]{chapter.1}{\376\377\000I\000n\000d\000i\000v\000i\000d\000u\000a\000l\000\040\000C\000o\000n\000t\000r\000i\000b\000u\000t\000i\000o\000n}{}% 1
\BOOKMARK [0][-]{chapter.2}{\376\377\000I\000n\000d\000i\000v\000i\000d\000u\000a\000l\000\040\000C\000o\000n\000t\000r\000i\000b\000u\000t\000i\000o\000n}{}% 2
\BOOKMARK [0][-]{chapter.3}{\376\377\000I\000n\000d\000i\000v\000i\000d\000u\000a\000l\000\040\000C\000o\000n\000t\000r\000i\000b\000u\000t\000i\000o\000n}{}% 3
\BOOKMARK [1][-]{section.3.1}{\376\377\000P\000r\000o\000b\000l\000e\000m\000\040\000S\000t\000a\000t\000e\000m\000e\000n\000t}{chapter.3}% 4
\BOOKMARK [1][-]{section.3.2}{\376\377\000S\000t\000u\000d\000e\000n\000t\000\040\000D\000e\000t\000a\000i\000l\000s}{chapter.3}% 5
\BOOKMARK [1][-]{section.3.3}{\376\377\000M\000o\000d\000u\000l\000e\000\040\000T\000i\000t\000l\000e}{chapter.3}% 6
\BOOKMARK [1][-]{section.3.4}{\376\377\000P\000r\000o\000j\000e\000c\000t\040\031\000s\000\040\000M\000o\000d\000u\000l\000e\000\040\000S\000c\000o\000p\000e\000\040\000\050\000I\000n\000d\000i\000v\000i\000d\000u\000a\000l\000\040\000P\000e\000r\000s\000p\000e\000c\000t\000i\000v\000e\000\051}{chapter.3}% 7
\BOOKMARK [0][-]{chapter.4}{\376\377\000I\000n\000d\000i\000v\000i\000d\000u\000a\000l\000\040\000C\000o\000n\000t\000r\000i\000b\000u\000t\000i\000o\000n}{}% 8
\BOOKMARK [1][-]{section.4.1}{\376\377\000P\000r\000o\000b\000l\000e\000m\000\040\000S\000t\000a\000t\000e\000m\000e\000n\000t}{chapter.4}% 9
\BOOKMARK [1][-]{section.4.2}{\376\377\000S\000t\000u\000d\000e\000n\000t\000\040\000D\000e\000t\000a\000i\000l\000s}{chapter.4}% 10
\BOOKMARK [1][-]{section.4.3}{\376\377\000M\000o\000d\000u\000l\000e\000\040\000T\000i\000t\000l\000e}{chapter.4}% 11
\BOOKMARK [1][-]{section.4.4}{\376\377\000P\000r\000o\000j\000e\000c\000t\000\040\000M\000o\000d\000u\000l\000e\000\040\000S\000c\000o\000p\000e}{chapter.4}% 12
\BOOKMARK [1][-]{section.4.5}{\376\377\000P\000r\000o\000j\000e\000c\000t\000\040\000M\000o\000d\000u\000l\000e\000s\000\040\040\023\000\040\000I\000n\000d\000i\000v\000i\000d\000u\000a\000l\000\040\000C\000o\000n\000t\000r\000i\000b\000u\000t\000i\000o\000n}{chapter.4}% 13
\BOOKMARK [0][-]{chapter.5}{\376\377\000I\000n\000d\000i\000v\000i\000d\000u\000a\000l\000\040\000C\000o\000n\000t\000r\000i\000b\000u\000t\000i\000o\000n}{}% 14
\BOOKMARK [1][-]{section.5.1}{\376\377\000P\000r\000o\000b\000l\000e\000m\000\040\000S\000t\000a\000t\000e\000m\000e\000n\000t}{chapter.5}% 15
\BOOKMARK [1][-]{section.5.2}{\376\377\000S\000t\000u\000d\000e\000n\000t\000\040\000D\000e\000t\000a\000i\000l\000s}{chapter.5}% 16
\BOOKMARK [1][-]{section.5.3}{\376\377\000M\000o\000d\000u\000l\000e\000\040\000T\000i\000t\000l\000e}{chapter.5}% 17
\BOOKMARK [1][-]{section.5.4}{\376\377\000P\000r\000o\000j\000e\000c\000t\000\040\000M\000o\000d\000u\000l\000e\000\040\000S\000c\000o\000p\000e}{chapter.5}% 18
\BOOKMARK [1][-]{section.5.5}{\376\377\000P\000r\000o\000j\000e\000c\000t\000\040\000M\000o\000d\000u\000l\000e\000s\000\040\040\023\000\040\000I\000n\000d\000i\000v\000i\000d\000u\000a\000l\000\040\000C\000o\000n\000t\000r\000i\000b\000u\000t\000i\000o\000n}{chapter.5}% 19
\BOOKMARK [0][-]{chapter.6}{\376\377\000I\000n\000d\000i\000v\000i\000d\000u\000a\000l\000\040\000C\000o\000n\000t\000r\000i\000b\000u\000t\000i\000o\000n}{}% 20
\BOOKMARK [1][-]{section.6.1}{\376\377\000P\000r\000o\000b\000l\000e\000m\000\040\000S\000t\000a\000t\000e\000m\000e\000n\000t}{chapter.6}% 21
\BOOKMARK [1][-]{section.6.2}{\376\377\000S\000t\000u\000d\000e\000n\000t\000\040\000D\000e\000t\000a\000i\000l\000s}{chapter.6}% 22
\BOOKMARK [1][-]{section.6.3}{\376\377\000M\000o\000d\000u\000l\000e\000\040\000T\000i\000t\000l\000e}{chapter.6}% 23
\BOOKMARK [1][-]{section.6.4}{\376\377\000P\000r\000o\000j\000e\000c\000t\000\040\000M\000o\000d\000u\000l\000e\000\040\000S\000c\000o\000p\000e}{chapter.6}% 24
\BOOKMARK [1][-]{section.6.5}{\376\377\000P\000r\000o\000j\000e\000c\000t\000\040\000M\000o\000d\000u\000l\000e\000s\000\040\040\023\000\040\000I\000n\000d\000i\000v\000i\000d\000u\000a\000l\000\040\000C\000o\000n\000t\000r\000i\000b\000u\000t\000i\000o\000n}{chapter.6}% 25
