\BOOKMARK [0][-]{chapter.1}{\376\377\000I\000n\000t\000r\000o\000d\000u\000c\000t\000i\000o\000n}{}% 1
\BOOKMARK [1][-]{subsection.1.0.1}{\376\377\000P\000r\000o\000b\000l\000e\000m\000\040\000S\000t\000a\000t\000e\000m\000e\000n\000t}{chapter.1}% 2
\BOOKMARK [2][-]{subsection.1.0.2}{\376\377\000N\000e\000e\000d\000\040\000o\000f\000\040\000t\000h\000e\000\040\000P\000r\000o\000j\000e\000c\000t}{subsection.1.0.1}% 3
\BOOKMARK [0][-]{chapter.2}{\376\377\000L\000i\000t\000e\000r\000a\000t\000u\000r\000e\000\040\000S\000u\000r\000v\000e\000y}{}% 4
\BOOKMARK [1][-]{section.2.1}{\376\377\000P\000a\000p\000e\000r\000\040\0001}{chapter.2}% 5
\BOOKMARK [2][-]{subsection.2.1.1}{\376\377\000P\000o\000s\000i\000t\000i\000v\000e\000s\000\040\000a\000n\000d\000\040\000L\000e\000a\000r\000n\000i\000n\000g\000s\000\040\000f\000r\000o\000m\000\040\000t\000h\000i\000s\000\040\000P\000a\000p\000e\000r}{section.2.1}% 6
\BOOKMARK [2][-]{subsection.2.1.2}{\376\377\000I\000d\000e\000n\000t\000i\000f\000i\000e\000d\000\040\000R\000e\000s\000e\000a\000r\000c\000h\000\040\000G\000a\000p\000s}{section.2.1}% 7
\BOOKMARK [1][-]{section.2.2}{\376\377\000P\000a\000p\000e\000r\000\040\0002}{chapter.2}% 8
\BOOKMARK [2][-]{subsection.2.2.1}{\376\377\000P\000o\000s\000i\000t\000i\000v\000e\000s\000\040\000a\000n\000d\000\040\000L\000e\000a\000r\000n\000i\000n\000g\000s\000\040\000f\000r\000o\000m\000\040\000t\000h\000i\000s\000\040\000P\000a\000p\000e\000r}{section.2.2}% 9
\BOOKMARK [2][-]{subsection.2.2.2}{\376\377\000I\000d\000e\000n\000t\000i\000f\000i\000e\000d\000\040\000R\000e\000s\000e\000a\000r\000c\000h\000\040\000G\000a\000p\000s}{section.2.2}% 10
\BOOKMARK [1][-]{section.2.3}{\376\377\000P\000a\000p\000e\000r\000\040\0003}{chapter.2}% 11
\BOOKMARK [2][-]{subsection.2.3.1}{\376\377\000P\000o\000s\000i\000t\000i\000v\000e\000s\000\040\000a\000n\000d\000\040\000L\000e\000a\000r\000n\000i\000n\000g\000s\000\040\000f\000r\000o\000m\000\040\000t\000h\000i\000s\000\040\000P\000a\000p\000e\000r}{section.2.3}% 12
\BOOKMARK [2][-]{subsection.2.3.2}{\376\377\000I\000d\000e\000n\000t\000i\000f\000i\000e\000d\000\040\000R\000e\000s\000e\000a\000r\000c\000h\000\040\000G\000a\000p\000s}{section.2.3}% 13
\BOOKMARK [1][-]{section.2.4}{\376\377\000P\000a\000p\000e\000r\000\040\0004}{chapter.2}% 14
\BOOKMARK [2][-]{subsection.2.4.1}{\376\377\000P\000o\000s\000i\000t\000i\000v\000e\000s\000\040\000a\000n\000d\000\040\000L\000e\000a\000r\000n\000i\000n\000g\000s\000\040\000f\000r\000o\000m\000\040\000t\000h\000i\000s\000\040\000P\000a\000p\000e\000r}{section.2.4}% 15
\BOOKMARK [2][-]{subsection.2.4.2}{\376\377\000I\000d\000e\000n\000t\000i\000f\000i\000e\000d\000\040\000R\000e\000s\000e\000a\000r\000c\000h\000\040\000G\000a\000p\000s}{section.2.4}% 16
\BOOKMARK [1][-]{section.2.5}{\376\377\000P\000a\000p\000e\000r\000\040\0005}{chapter.2}% 17
\BOOKMARK [2][-]{subsection.2.5.1}{\376\377\000P\000o\000s\000i\000t\000i\000v\000e\000s\000\040\000a\000n\000d\000\040\000L\000e\000a\000r\000n\000i\000n\000g\000s\000\040\000f\000r\000o\000m\000\040\000t\000h\000i\000s\000\040\000P\000a\000p\000e\000r}{section.2.5}% 18
\BOOKMARK [2][-]{subsection.2.5.2}{\376\377\000I\000d\000e\000n\000t\000i\000f\000i\000e\000d\000\040\000R\000e\000s\000e\000a\000r\000c\000h\000\040\000G\000a\000p\000s}{section.2.5}% 19
\BOOKMARK [0][-]{chapter.3}{\376\377\000P\000r\000o\000b\000l\000e\000m\000\040\000S\000t\000a\000t\000e\000m\000e\000n\000t}{}% 20
\BOOKMARK [1][-]{section.3.1}{\376\377\000P\000r\000o\000j\000e\000c\000t\000\040\000S\000c\000o\000p\000e}{chapter.3}% 21
\BOOKMARK [1][-]{section.3.2}{\376\377\000P\000r\000o\000j\000e\000c\000t\000\040\000A\000s\000s\000u\000m\000p\000t\000i\000o\000n\000s}{chapter.3}% 22
\BOOKMARK [1][-]{section.3.3}{\376\377\000P\000r\000o\000j\000e\000c\000t\000\040\000L\000i\000m\000i\000t\000a\000t\000i\000o\000n\000s}{chapter.3}% 23
\BOOKMARK [1][-]{section.3.4}{\376\377\000P\000r\000o\000j\000e\000c\000t\000\040\000O\000b\000j\000e\000c\000t\000i\000v\000e\000s}{chapter.3}% 24
\BOOKMARK [0][-]{chapter.4}{\376\377\000P\000r\000o\000j\000e\000c\000t\000\040\000R\000e\000q\000u\000i\000r\000e\000m\000e\000n\000t\000s}{}% 25
\BOOKMARK [1][-]{section.4.1}{\376\377\000R\000e\000s\000o\000u\000r\000c\000e\000s}{chapter.4}% 26
\BOOKMARK [2][-]{subsection.4.1.1}{\376\377\000H\000u\000m\000a\000n\000\040\000R\000e\000s\000o\000u\000r\000c\000e\000s}{section.4.1}% 27
\BOOKMARK [2][-]{subsection.4.1.2}{\376\377\000R\000e\000u\000s\000a\000b\000l\000e\000\040\000S\000o\000f\000t\000w\000a\000r\000e\000\040\000C\000o\000m\000p\000o\000n\000e\000n\000t\000s}{section.4.1}% 28
\BOOKMARK [1][-]{section.4.2}{\376\377\000R\000e\000q\000u\000i\000r\000e\000m\000e\000n\000t\000s}{chapter.4}% 29
\BOOKMARK [2][-]{subsection.4.2.1}{\376\377\000S\000o\000f\000t\000w\000a\000r\000e\000\040\000a\000n\000d\000\040\000H\000a\000r\000d\000w\000a\000r\000e\000\040\000R\000e\000q\000u\000i\000r\000e\000m\000e\000n\000t\000s}{section.4.2}% 30
\BOOKMARK [1][-]{section.4.3}{\376\377\000R\000i\000s\000k\000\040\000M\000a\000n\000a\000g\000e\000m\000e\000n\000t}{chapter.4}% 31
\BOOKMARK [1][-]{section.4.4}{\376\377\000F\000u\000n\000c\000t\000i\000o\000n\000a\000l\000\040\000S\000p\000e\000c\000i\000f\000i\000c\000a\000t\000i\000o\000n\000s}{chapter.4}% 32
\BOOKMARK [2][-]{subsection.4.4.1}{\376\377\000I\000n\000t\000e\000r\000f\000a\000c\000e\000s}{section.4.4}% 33
\BOOKMARK [2][-]{subsection.4.4.2}{\376\377\000I\000n\000t\000e\000r\000a\000c\000t\000i\000o\000n\000s}{section.4.4}% 34
\BOOKMARK [0][-]{chapter.5}{\376\377\000S\000y\000s\000t\000e\000m\000\040\000A\000n\000a\000l\000y\000s\000i\000s\000\040\000P\000r\000o\000p\000o\000s\000e\000d\000\040\000A\000r\000c\000h\000i\000t\000e\000c\000t\000u\000r\000e}{}% 35
\BOOKMARK [1][-]{section.5.1}{\376\377\000B\000l\000o\000c\000k\000\040\000D\000i\000a\000g\000r\000a\000m}{chapter.5}% 36
\BOOKMARK [1][-]{section.5.2}{\376\377\000S\000y\000s\000t\000e\000m\000\040\000A\000r\000c\000h\000i\000t\000e\000c\000t\000u\000r\000e}{chapter.5}% 37
\BOOKMARK [1][-]{section.5.3}{\376\377\000M\000o\000d\000u\000l\000e\000s\000\040\000o\000f\000\040\000t\000h\000e\000\040\000P\000r\000o\000j\000e\000c\000t}{chapter.5}% 38
\BOOKMARK [0][-]{chapter.6}{\376\377\000P\000r\000o\000j\000e\000c\000t\000\040\000P\000l\000a\000n}{}% 39
\BOOKMARK [0][-]{chapter.7}{\376\377\000I\000m\000p\000l\000e\000m\000e\000n\000t\000a\000t\000i\000o\000n}{}% 40
\BOOKMARK [1][-]{section.7.1}{\376\377\000M\000e\000t\000h\000o\000d\000o\000l\000o\000g\000y}{chapter.7}% 41
\BOOKMARK [1][-]{section.7.2}{\376\377\000A\000d\000v\000a\000n\000t\000a\000g\000e\000s}{chapter.7}% 42
\BOOKMARK [1][-]{section.7.3}{\376\377\000D\000i\000s\000a\000d\000v\000a\000n\000t\000a\000g\000e\000s}{chapter.7}% 43
\BOOKMARK [1][-]{section.7.4}{\376\377\000I\000m\000p\000l\000e\000m\000e\000n\000t\000a\000t\000i\000o\000n\000s}{chapter.7}% 44
\BOOKMARK [2][-]{subsection.7.4.1}{\376\377\000P\000l\000a\000t\000f\000o\000r\000m}{section.7.4}% 45
\BOOKMARK [2][-]{subsection.7.4.2}{\376\377\000T\000r\000a\000i\000n\000i\000n\000g\000\040\000D\000a\000t\000a}{section.7.4}% 46
\BOOKMARK [2][-]{subsection.7.4.3}{\376\377\000C\000r\000e\000a\000t\000i\000o\000n\000\040\000o\000f\000\040\000D\000a\000t\000a\000s\000e\000t}{section.7.4}% 47
\BOOKMARK [2][-]{subsection.7.4.4}{\376\377\000P\000r\000e\000l\000i\000m\000i\000n\000a\000r\000y\000\040\000R\000e\000s\000u\000l\000t\000s}{section.7.4}% 48
\BOOKMARK [2][-]{subsection.7.4.5}{\376\377\000A\000c\000c\000u\000r\000a\000c\000y\000\040\000p\000e\000r\000\040\000P\000e\000r\000s\000i\000o\000n\000\040\000\050\000C\000l\000a\000s\000s\000\051\000\040\000-\000\040\000L\000B\000P\000H\000\040\000F\000a\000c\000e\000\040\000R\000e\000c\000o\000g\000n\000i\000z\000e\000r}{section.7.4}% 49
\BOOKMARK [0][-]{chapter.8}{\376\377\000P\000e\000r\000f\000o\000r\000m\000a\000n\000c\000e\000\040\000E\000v\000a\000l\000u\000a\000t\000i\000o\000n\000\040\000a\000n\000d\000\040\000T\000e\000s\000t\000i\000n\000g}{}% 50
\BOOKMARK [1][-]{section.8.1}{\376\377\000E\000v\000a\000l\000u\000a\000t\000i\000o\000n\000\040\000M\000e\000t\000r\000i\000c\000s}{chapter.8}% 51
\BOOKMARK [1][-]{section.8.2}{\376\377\000T\000e\000s\000t\000i\000n\000g\000\040\000M\000e\000t\000h\000o\000d\000o\000l\000o\000g\000y}{chapter.8}% 52
\BOOKMARK [1][-]{section.8.3}{\376\377\000T\000e\000s\000t\000i\000n\000g\000\040\000a\000n\000d\000\040\000T\000r\000a\000i\000n\000i\000n\000g\000\040\000D\000a\000t\000a\000s\000e\000t}{chapter.8}% 53
\BOOKMARK [0][-]{chapter.9}{\376\377\000D\000e\000p\000l\000o\000y\000m\000e\000n\000t\000\040\000S\000t\000r\000a\000t\000e\000g\000i\000e\000s}{}% 54
\BOOKMARK [1][-]{section.9.1}{\376\377\000D\000e\000p\000l\000o\000y\000m\000e\000n\000t\000\040\000E\000n\000v\000i\000r\000o\000n\000m\000e\000n\000t}{chapter.9}% 55
\BOOKMARK [1][-]{section.9.2}{\376\377\000D\000e\000p\000l\000o\000y\000m\000e\000n\000t\000\040\000S\000t\000e\000p\000s}{chapter.9}% 56
\BOOKMARK [1][-]{section.9.3}{\376\377\000D\000e\000p\000l\000o\000y\000m\000e\000n\000t\000\040\000C\000h\000a\000l\000l\000e\000n\000g\000e\000s}{chapter.9}% 57
\BOOKMARK [1][-]{section.9.4}{\376\377\000S\000e\000c\000u\000r\000i\000t\000y\000\040\000C\000o\000n\000c\000e\000r\000n\000s}{chapter.9}% 58
\BOOKMARK [0][-]{chapter.10}{\376\377\000R\000e\000s\000u\000l\000t\000\040\000a\000n\000d\000\040\000A\000n\000a\000l\000y\000s\000i\000s}{}% 59
\BOOKMARK [1][-]{section.10.1}{\376\377\000M\000o\000d\000e\000l\000\040\0001\000:\000\040\000L\000B\000P\000H\000\040\000F\000a\000c\000e\000\040\000R\000e\000c\000o\000g\000n\000i\000z\000e\000r}{chapter.10}% 60
\BOOKMARK [2][-]{subsection.10.1.1}{\376\377\000C\000o\000n\000f\000u\000s\000i\000o\000n\000\040\000M\000e\000t\000r\000i\000c\000s}{section.10.1}% 61
\BOOKMARK [2][-]{subsection.10.1.2}{\376\377\000P\000e\000r\000\040\000P\000e\000r\000s\000o\000n\000\040\000R\000e\000s\000u\000l\000t\000s}{section.10.1}% 62
\BOOKMARK [1][-]{section.10.2}{\376\377\000M\000o\000d\000e\000l\000\040\0002\000:\000\040\000F\000a\000c\000e\000n\000e\000t\000\040\000F\000a\000c\000e\000\040\000R\000e\000c\000o\000g\000n\000i\000z\000e\000r}{chapter.10}% 63
\BOOKMARK [2][-]{subsection.10.2.1}{\376\377\000C\000o\000n\000f\000u\000s\000i\000o\000n\000\040\000M\000e\000t\000r\000i\000c\000s}{section.10.2}% 64
\BOOKMARK [2][-]{subsection.10.2.2}{\376\377\000P\000e\000r\000\040\000P\000e\000r\000s\000o\000n\000\040\000R\000e\000s\000u\000l\000t\000s}{section.10.2}% 65
\BOOKMARK [1][-]{section.10.3}{\376\377\000M\000o\000d\000e\000l\000\040\0003\000:\000\040\000R\000e\000s\000n\000e\000t\000\040\000F\000a\000c\000e\000\040\000R\000e\000c\000o\000g\000n\000i\000z\000e\000r}{chapter.10}% 66
\BOOKMARK [2][-]{subsection.10.3.1}{\376\377\000C\000o\000n\000f\000u\000s\000i\000o\000n\000\040\000M\000e\000t\000r\000i\000c\000s}{section.10.3}% 67
\BOOKMARK [2][-]{subsection.10.3.2}{\376\377\000P\000e\000r\000\040\000P\000e\000r\000s\000o\000n\000\040\000R\000e\000s\000u\000l\000t\000s}{section.10.3}% 68
\BOOKMARK [1][-]{section.10.4}{\376\377\000F\000i\000n\000a\000l\000\040\000C\000o\000m\000p\000a\000r\000i\000s\000o\000n}{chapter.10}% 69
\BOOKMARK [0][-]{chapter.11}{\376\377\000A\000p\000p\000l\000i\000c\000a\000t\000i\000o\000n\000s}{}% 70
\BOOKMARK [1][-]{section.11.1}{\376\377\000E\000d\000u\000c\000a\000t\000i\000o\000n\000a\000l\000\040\000I\000n\000s\000t\000i\000t\000u\000t\000i\000o\000n\000s}{chapter.11}% 71
\BOOKMARK [1][-]{section.11.2}{\376\377\000C\000o\000r\000p\000o\000r\000a\000t\000e\000\040\000E\000n\000v\000i\000r\000o\000n\000m\000e\000n\000t\000s}{chapter.11}% 72
\BOOKMARK [1][-]{section.11.3}{\376\377\000H\000e\000a\000l\000t\000h\000c\000a\000r\000e\000\040\000F\000a\000c\000i\000l\000i\000t\000i\000e\000s}{chapter.11}% 73
\BOOKMARK [1][-]{section.11.4}{\376\377\000G\000o\000v\000e\000r\000n\000m\000e\000n\000t\000\040\000a\000n\000d\000\040\000P\000u\000b\000l\000i\000c\000\040\000S\000e\000c\000t\000o\000r}{chapter.11}% 74
\BOOKMARK [1][-]{section.11.5}{\376\377\000R\000e\000t\000a\000i\000l\000\040\000a\000n\000d\000\040\000H\000o\000s\000p\000i\000t\000a\000l\000i\000t\000y}{chapter.11}% 75
\BOOKMARK [1][-]{section.11.6}{\376\377\000E\000v\000e\000n\000t\000\040\000M\000a\000n\000a\000g\000e\000m\000e\000n\000t}{chapter.11}% 76
\BOOKMARK [1][-]{section.11.7}{\376\377\000S\000m\000a\000r\000t\000\040\000C\000i\000t\000i\000e\000s\000\040\000a\000n\000d\000\040\000I\000o\000T\000\040\000I\000n\000t\000e\000g\000r\000a\000t\000i\000o\000n}{chapter.11}% 77
\BOOKMARK [1][-]{section.11.8}{\376\377\000R\000e\000s\000e\000a\000r\000c\000h\000\040\000a\000n\000d\000\040\000D\000e\000v\000e\000l\000o\000p\000m\000e\000n\000t}{chapter.11}% 78
\BOOKMARK [0][-]{chapter.12}{\376\377\000C\000o\000n\000c\000l\000u\000s\000i\000o\000n}{}% 79
\BOOKMARK [0][-]{chapter.13}{\376\377\000F\000u\000t\000u\000r\000e\000\040\000P\000r\000o\000s\000p\000e\000c\000t\000s\000\040\000f\000o\000r\000\040\000t\000h\000e\000\040\000A\000t\000t\000e\000n\000d\000a\000n\000c\000e\000\040\000A\000s\000s\000i\000s\000t\000a\000n\000t\000\040}{}% 80
\BOOKMARK [1][-]{section.13.1}{\376\377\000I\000n\000t\000e\000g\000r\000a\000t\000i\000o\000n\000\040\000o\000f\000\040\000a\000d\000v\000a\000n\000c\000e\000d\000\040\000D\000e\000e\000p\000-\000L\000e\000a\000r\000n\000i\000n\000g\000\040\000M\000o\000d\000e\000l\000s}{chapter.13}% 81
\BOOKMARK [1][-]{section.13.2}{\376\377\000D\000a\000t\000a\000s\000e\000t\000\040\000E\000x\000p\000a\000n\000s\000i\000o\000n\000\040\000a\000n\000d\000\040\000S\000y\000n\000t\000h\000e\000t\000i\000c\000\040\000A\000u\000g\000m\000e\000n\000t\000a\000t\000i\000o\000n}{chapter.13}% 82
\BOOKMARK [1][-]{section.13.3}{\376\377\000E\000d\000g\000e\000\040\000D\000e\000p\000l\000o\000y\000m\000e\000n\000t\000\040\000a\000n\000d\000\040\000R\000e\000s\000o\000u\000r\000c\000e\000\040\000O\000p\000t\000i\000m\000i\000z\000a\000t\000i\000o\000n}{chapter.13}% 83
\BOOKMARK [1][-]{section.13.4}{\376\377\000P\000r\000i\000v\000a\000c\000y\000,\000\040\000S\000e\000c\000u\000r\000i\000t\000y\000,\000\040\000a\000n\000d\000\040\000E\000t\000h\000i\000c\000a\000l\000\040\000C\000o\000n\000s\000i\000d\000e\000r\000a\000t\000i\000o\000n\000s}{chapter.13}% 84
\BOOKMARK [1][-]{section.13.5}{\376\377\000M\000u\000t\000l\000t\000i\000-\000M\000o\000d\000a\000l\000\040\000a\000n\000d\000\040\000C\000o\000n\000t\000e\000x\000t\000-\000A\000w\000a\000r\000e\000\040\000F\000u\000s\000i\000o\000n\000:}{chapter.13}% 85
\BOOKMARK [1][-]{section.13.6}{\376\377\000B\000r\000o\000a\000d\000e\000r\000\040\000A\000p\000p\000l\000i\000c\000a\000t\000i\000o\000n\000s\000\040\000a\000n\000d\000\040\000C\000o\000m\000m\000e\000r\000c\000i\000a\000l\000i\000z\000a\000t\000i\000o\000n}{chapter.13}% 86
\BOOKMARK [0][-]{chapter*.18}{\376\377\000B\000i\000b\000l\000i\000o\000g\000r\000a\000p\000h\000y}{}% 87
\BOOKMARK [0][-]{appendix.A}{\376\377\000C\000o\000d\000e\000\040\000S\000n\000i\000p\000p\000e\000t\000\040\000f\000o\000r\000\040\000D\000a\000t\000a\000s\000e\000t\000\040\000C\000r\000e\000a\000t\000i\000o\000n}{}% 88
\BOOKMARK [0][-]{appendix.B}{\376\377\000C\000o\000d\000e\000\040\000S\000n\000i\000p\000p\000e\000t\000\040\000f\000o\000r\000\040\000D\000a\000t\000a\000s\000e\000t\000\040\000C\000r\000e\000a\000t\000i\000o\000n}{}% 89
\BOOKMARK [0][-]{appendix.C}{\376\377\000C\000o\000d\000e\000\040\000S\000n\000i\000p\000p\000e\000t\000\040\000f\000o\000r\000\040\000f\000a\000c\000e\000\040\000r\000e\000c\000o\000g\000n\000i\000t\000i\000o\000n\000\040\000u\000s\000i\000n\000g\000\040\000L\000B\000P\000H}{}% 90
\BOOKMARK [0][-]{appendix.D}{\376\377\000C\000o\000d\000e\000\040\000S\000n\000i\000p\000p\000e\000t\000\040\000f\000o\000r\000\040\000f\000a\000c\000e\000\040\000r\000e\000c\000o\000g\000n\000i\000t\000i\000o\000n\000\040\000u\000s\000i\000n\000g\000\040\000f\000a\000c\000e\000\137\000r\000e\000c\000o\000g\000n\000i\000t\000i\000o\000n}{}% 91
\BOOKMARK [0][-]{appendix.E}{\376\377\000D\000a\000t\000a\000s\000e\000t\000\040\000S\000a\000m\000p\000l\000e\000s}{}% 92
\BOOKMARK [0][-]{appendix.F}{\376\377\000P\000u\000b\000l\000i\000c\000a\000t\000i\000o\000n\000\040\000D\000e\000t\000a\000i\000l\000s}{}% 93
\BOOKMARK [0][-]{appendix.G}{\376\377\000B\000a\000s\000e\000\040\000P\000a\000p\000e\000r}{}% 94
\BOOKMARK [0][-]{appendix.H}{\376\377\000P\000l\000a\000g\000i\000a\000r\000i\000s\000m\000\040\000R\000e\000p\000o\000r\000t}{}% 95
